<?xml version="1.0" encoding="UTF-8"?>
<robot generator="Robot 6.0 (Python 3.11.0 on win32)" generated="20221031 08:53:15.910" rpa="false" schemaversion="3">
<suite id="s1" name="UsandoLogs" source="C:\Users\alexa\Desktop\Projetos\Udemy\RobotFramework\Estruturas\UsandoLogs.robot">
<test id="s1-t1" name="Caso de teste exemplo 01" line="12">
<kw name="Usando LOG para mensagens">
<kw name="Log" library="BuiltIn">
<arg>Minha mensagem de LOG</arg>
<doc>Logs the given message with the given level.</doc>
<msg timestamp="20221031 08:53:16.609" level="INFO">Minha mensagem de LOG</msg>
<status status="PASS" starttime="20221031 08:53:16.609" endtime="20221031 08:53:16.609"/>
</kw>
<kw name="Set Variable" library="BuiltIn">
<var>${VAR}</var>
<arg>variável qualquer</arg>
<doc>Returns the given values which can then be assigned to a variables.</doc>
<msg timestamp="20221031 08:53:16.609" level="INFO">${VAR} = variável qualquer</msg>
<status status="PASS" starttime="20221031 08:53:16.609" endtime="20221031 08:53:16.609"/>
</kw>
<kw name="Log" library="BuiltIn">
<arg>Posso logar uma ${VAR} no meio de um log</arg>
<doc>Logs the given message with the given level.</doc>
<msg timestamp="20221031 08:53:16.609" level="INFO">Posso logar uma variável qualquer no meio de um log</msg>
<status status="PASS" starttime="20221031 08:53:16.609" endtime="20221031 08:53:16.609"/>
</kw>
<status status="PASS" starttime="20221031 08:53:16.609" endtime="20221031 08:53:16.609"/>
</kw>
<kw name="Usando LOG Console">
<kw name="Log To Console" library="BuiltIn">
<arg>Posso logar na saída do console</arg>
<doc>Logs the given message to the console.</doc>
<status status="PASS" starttime="20221031 08:53:16.609" endtime="20221031 08:53:16.609"/>
</kw>
<kw name="Log Many" library="BuiltIn">
<arg>Posso logar minha lista completa @{FRUTAS}</arg>
<doc>Logs the given messages as separate entries using the INFO level.</doc>
<msg timestamp="20221031 08:53:16.609" level="INFO">Posso logar minha lista completa ['maça', 'banana', 'uva', 'abacaxi']</msg>
<status status="PASS" starttime="20221031 08:53:16.609" endtime="20221031 08:53:16.609"/>
</kw>
<kw name="Log" library="BuiltIn">
<arg>Posso logar somente itens da minha lista ${FRUTAS[0]} - ${FRUTAS[1]}</arg>
<doc>Logs the given message with the given level.</doc>
<msg timestamp="20221031 08:53:16.617" level="INFO">Posso logar somente itens da minha lista maça - banana</msg>
<status status="PASS" starttime="20221031 08:53:16.609" endtime="20221031 08:53:16.617"/>
</kw>
<status status="PASS" starttime="20221031 08:53:16.609" endtime="20221031 08:53:16.617"/>
</kw>
<kw name="Usando screen shots">
<kw name="Log" library="BuiltIn">
<arg>Nos testes web, podemos logar Screenshot com a SeleniumLibrary</arg>
<doc>Logs the given message with the given level.</doc>
<msg timestamp="20221031 08:53:16.617" level="INFO">Nos testes web, podemos logar Screenshot com a SeleniumLibrary</msg>
<status status="PASS" starttime="20221031 08:53:16.617" endtime="20221031 08:53:16.617"/>
</kw>
<kw name="Open Browser" library="SeleniumLibrary">
<arg>http://www.robotizandotestes.blogspot.com.br</arg>
<arg>chrome</arg>
<doc>Opens a new browser instance to the optional ``url``.</doc>
<msg timestamp="20221031 08:53:16.617" level="INFO">Opening browser 'chrome' to base url 'http://www.robotizandotestes.blogspot.com.br'.</msg>
<status status="PASS" starttime="20221031 08:53:16.617" endtime="20221031 08:53:23.877"/>
</kw>
<kw name="Capture Page Screenshot" library="SeleniumLibrary">
<arg>nome_do_meuscreenshot.png</arg>
<doc>Takes a screenshot of the current page and embeds it into a log file.</doc>
<msg timestamp="20221031 08:53:24.152" level="INFO" html="true">&lt;/td&gt;&lt;/tr&gt;&lt;tr&gt;&lt;td colspan="3"&gt;&lt;a href="nome_do_meuscreenshot.png"&gt;&lt;img src="nome_do_meuscreenshot.png" width="800px"&gt;&lt;/a&gt;</msg>
<status status="PASS" starttime="20221031 08:53:23.878" endtime="20221031 08:53:24.152"/>
</kw>
<kw name="Close Browser" library="SeleniumLibrary">
<doc>Closes the current browser.</doc>
<status status="PASS" starttime="20221031 08:53:24.152" endtime="20221031 08:53:27.003"/>
</kw>
<status status="PASS" starttime="20221031 08:53:16.617" endtime="20221031 08:53:27.003"/>
</kw>
<status status="PASS" starttime="20221031 08:53:16.609" endtime="20221031 08:53:27.003"/>
</test>
<doc>Suíte para exemplificar o uso de LOGs nos testes
Os LOGs são de grande utilidade, faça LOGs para analisar como seu teste está sendo executado nas entrelinhas
Os LOGs te ajudam a achar falhas na automação dos seus testes
Use LOGs sem moderação!!</doc>
<status status="PASS" starttime="20221031 08:53:15.910" endtime="20221031 08:53:27.007"/>
</suite>
<statistics>
<total>
<stat pass="1" fail="0" skip="0">All Tests</stat>
</total>
<tag>
</tag>
<suite>
<stat pass="1" fail="0" skip="0" id="s1" name="UsandoLogs">UsandoLogs</stat>
</suite>
</statistics>
<errors>
</errors>
</robot>
